------------------------------------------------------------------------------------------------------------------------

[2017-11-21 18:29:28 #1 store] 
Database 'C:\Users\Corerid\Documents\GitHub\SanctuaryOOAD\PetHotel\$dist\db\CustomerRoomPet.odb' has been recovered (tr. 14-14)

[2017-11-21 18:29:28 #2 store] 
Database 'C:\Users\Corerid\Documents\GitHub\SanctuaryOOAD\PetHotel\$dist\db\CustomerRoomPet.odb' is opened by 4680@Corerid

[2017-11-21 18:29:28 #3 store] 
Configuration path: C:\Users\Corerid\Documents\GitHub\SanctuaryOOAD\PetHotel\objectdb-2.7.2_05\objectdb.conf

[2017-11-21 18:29:32 #4 store] 
Database 'C:\Users\Corerid\Documents\GitHub\SanctuaryOOAD\PetHotel\$dist\db\CustomerRoomPet.odb' is closed by 4680@Corerid

------------------------------------------------------------------------------------------------------------------------

[2017-11-21 18:35:16 #1 explorer] 
[ObjectDB 2.7.2_05] javax.persistence.PersistenceException
Attempt to open a database file 'C:\Users\Corerid\Documents\GitHub\SanctuaryOOAD\PetHotel\$dist\db\CustomerRoomPet.odb' that is currently in use by another process (error 141)
	at com.objectdb.Explorer$1.run(Explorer.java:57)
	at java.awt.event.InvocationEvent.dispatch(Unknown Source)
	at java.awt.EventQueue.dispatchEventImpl(Unknown Source)
	at java.awt.EventQueue.access$500(Unknown Source)
	at java.awt.EventQueue$3.run(Unknown Source)
	at java.awt.EventQueue$3.run(Unknown Source)
	at java.security.AccessController.doPrivileged(Native Method)
	at java.security.ProtectionDomain$JavaSecurityAccessImpl.doIntersectionPrivilege(Unknown Source)
	at java.awt.EventQueue.dispatchEvent(Unknown Source)
	at java.awt.EventDispatchThread.pumpOneEventForFilters(Unknown Source)
	at java.awt.EventDispatchThread.pumpEventsForFilter(Unknown Source)
	at java.awt.EventDispatchThread.pumpEventsForHierarchy(Unknown Source)
	at java.awt.EventDispatchThread.pumpEvents(Unknown Source)
	at java.awt.EventDispatchThread.pumpEvents(Unknown Source)
	at java.awt.EventDispatchThread.run(Unknown Source)
Caused by: com.objectdb.o.UserException: Attempt to open a database file 'C:\Users\Corerid\Documents\GitHub\SanctuaryOOAD\PetHotel\$dist\db\CustomerRoomPet.odb' that is currently in use by another process
	at com.objectdb.o.MSG.d(MSG.java:62)
	at com.objectdb.o.LFL.F(LFL.java:929)
	at com.objectdb.o.LFL.C(LFL.java:886)
	at com.objectdb.o.LFL.C(LFL.java:796)
	at com.objectdb.o.DFL.<init>(DFL.java:240)
	at com.objectdb.o.DocManager.<init>(DocManager.java:25)
	at com.objectdb.o.MST.<init>(MST.java:125)
	at com.objectdb.o.MST.aO(MST.java:107)
	at com.objectdb.o.MSF.Vi(MSF.java:188)
	at com.objectdb.o.OMF.an(OMF.java:782)
	at com.objectdb.jpa.EMF.an(EMF.java:131)
	at com.objectdb.o.OMF.am(OMF.java:693)
	at com.objectdb.jpa.EMF.createEntityManager(EMF.java:150)
	... 17 more

[2017-11-21 18:35:27 #2 store] 
Database 'C:\Users\Corerid\Documents\GitHub\SanctuaryOOAD\PetHotel\$dist\db\CustomerPet.odb' has been recovered (tr. 12-12)

[2017-11-21 18:35:27 #3 store] 
Database 'C:\Users\Corerid\Documents\GitHub\SanctuaryOOAD\PetHotel\$dist\db\CustomerPet.odb' is opened by 14204@Corerid

[2017-11-21 18:35:27 #4 store] 
Configuration path: C:\Users\Corerid\Documents\GitHub\SanctuaryOOAD\PetHotel\objectdb-2.7.2_05\objectdb.conf

[2017-11-21 18:35:37 #5 store] 
Database 'C:\Users\Corerid\Documents\GitHub\SanctuaryOOAD\PetHotel\$dist\db\CustomerPet.odb' is closed by 14204@Corerid

------------------------------------------------------------------------------------------------------------------------

[2017-11-21 18:38:53 #1 store] 
Database 'C:\Users\Corerid\Documents\GitHub\SanctuaryOOAD\PetHotel\$dist\db\Room.odb' has been recovered (tr. 60-60)

[2017-11-21 18:38:53 #2 store] 
Database 'C:\Users\Corerid\Documents\GitHub\SanctuaryOOAD\PetHotel\$dist\db\Room.odb' is opened by 7380@Corerid

[2017-11-21 18:38:53 #3 store] 
Configuration path: C:\Users\Corerid\Documents\GitHub\SanctuaryOOAD\PetHotel\objectdb-2.7.2_05\objectdb.conf

[2017-11-21 18:39:06 #4 store] 
Database 'C:\Users\Corerid\Documents\GitHub\SanctuaryOOAD\PetHotel\$dist\db\Room.odb' is closed by 7380@Corerid

[2017-11-21 18:39:06 #5 store] 
Database 'C:\Users\Corerid\Documents\GitHub\SanctuaryOOAD\PetHotel\$dist\db\CustomerRoomPet.odb' has been recovered (tr. 4-4)

[2017-11-21 18:39:06 #6 store] 
Database 'C:\Users\Corerid\Documents\GitHub\SanctuaryOOAD\PetHotel\$dist\db\CustomerRoomPet.odb' is opened by 7380@Corerid

[2017-11-21 18:39:06 #7 store] 
Configuration path: C:\Users\Corerid\Documents\GitHub\SanctuaryOOAD\PetHotel\objectdb-2.7.2_05\objectdb.conf

[2017-11-21 18:39:13 #8 store] 
Database 'C:\Users\Corerid\Documents\GitHub\SanctuaryOOAD\PetHotel\$dist\db\CustomerRoomPet.odb' is closed by 7380@Corerid

------------------------------------------------------------------------------------------------------------------------

[2017-11-21 18:41:15 #1 store] 
Database 'C:\Users\Corerid\Documents\GitHub\SanctuaryOOAD\PetHotel\$dist\db\CustomerRoomPet.odb' is opened by 6112@Corerid

[2017-11-21 18:41:15 #2 store] 
Configuration path: C:\Users\Corerid\Documents\GitHub\SanctuaryOOAD\PetHotel\objectdb-2.7.2_05\objectdb.conf

[2017-11-21 18:41:21 #3 store] 
Database 'C:\Users\Corerid\Documents\GitHub\SanctuaryOOAD\PetHotel\$dist\db\CustomerRoomPet.odb' is closed by 6112@Corerid

[2017-11-21 18:41:21 #4 store] 
Database 'C:\Users\Corerid\Documents\GitHub\SanctuaryOOAD\PetHotel\$dist\db\Pet.odb' is opened by 6112@Corerid

[2017-11-21 18:41:21 #5 store] 
Configuration path: C:\Users\Corerid\Documents\GitHub\SanctuaryOOAD\PetHotel\objectdb-2.7.2_05\objectdb.conf

[2017-11-21 18:41:28 #6 store] 
Database 'C:\Users\Corerid\Documents\GitHub\SanctuaryOOAD\PetHotel\$dist\db\Pet.odb' is closed by 6112@Corerid

------------------------------------------------------------------------------------------------------------------------

[2017-11-21 19:04:00 #1 store] 
Database 'C:\Users\Corerid\Documents\GitHub\SanctuaryOOAD\PetHotel\$dist\db\Room.odb' has been recovered (tr. 62-62)

[2017-11-21 19:04:00 #2 store] 
Database 'C:\Users\Corerid\Documents\GitHub\SanctuaryOOAD\PetHotel\$dist\db\Room.odb' is opened by 4628@Corerid

[2017-11-21 19:04:00 #3 store] 
Configuration path: C:\Users\Corerid\Documents\GitHub\SanctuaryOOAD\PetHotel\objectdb-2.7.2_05\objectdb.conf

[2017-11-21 19:04:09 #4 store] 
Database 'C:\Users\Corerid\Documents\GitHub\SanctuaryOOAD\PetHotel\$dist\db\Room.odb' is closed by 4628@Corerid

[2017-11-21 19:04:09 #5 store] 
Database 'C:\Users\Corerid\Documents\GitHub\SanctuaryOOAD\PetHotel\$dist\db\Pet.odb' has been recovered (tr. 1-3)

[2017-11-21 19:04:09 #6 store] 
Database 'C:\Users\Corerid\Documents\GitHub\SanctuaryOOAD\PetHotel\$dist\db\Pet.odb' is opened by 4628@Corerid

[2017-11-21 19:04:09 #7 store] 
Configuration path: C:\Users\Corerid\Documents\GitHub\SanctuaryOOAD\PetHotel\objectdb-2.7.2_05\objectdb.conf

[2017-11-21 19:04:17 #8 store] 
Database 'C:\Users\Corerid\Documents\GitHub\SanctuaryOOAD\PetHotel\$dist\db\Pet.odb' is closed by 4628@Corerid

[2017-11-21 19:04:17 #9 store] 
Database 'C:\Users\Corerid\Documents\GitHub\SanctuaryOOAD\PetHotel\$dist\db\CustomerRoomPet.odb' has been recovered (tr. 4-4)

[2017-11-21 19:04:17 #10 store] 
Database 'C:\Users\Corerid\Documents\GitHub\SanctuaryOOAD\PetHotel\$dist\db\CustomerRoomPet.odb' is opened by 4628@Corerid

[2017-11-21 19:04:17 #11 store] 
Configuration path: C:\Users\Corerid\Documents\GitHub\SanctuaryOOAD\PetHotel\objectdb-2.7.2_05\objectdb.conf

[2017-11-21 19:04:26 #12 store] 
Database 'C:\Users\Corerid\Documents\GitHub\SanctuaryOOAD\PetHotel\$dist\db\CustomerRoomPet.odb' is closed by 4628@Corerid

------------------------------------------------------------------------------------------------------------------------

[2017-11-21 22:07:12 #1 store] 
Database 'C:\Users\Corerid\Documents\GitHub\SanctuaryOOAD\PetHotel\$dist\db\CustomerRoomPet.odb' has been recovered (tr. 8-8)

[2017-11-21 22:07:13 #2 store] 
Database 'C:\Users\Corerid\Documents\GitHub\SanctuaryOOAD\PetHotel\$dist\db\CustomerRoomPet.odb' is opened by 7036@Corerid

[2017-11-21 22:07:13 #3 store] 
Configuration path: C:\Users\Corerid\Documents\GitHub\SanctuaryOOAD\PetHotel\objectdb-2.7.2_05\objectdb.conf

[2017-11-21 22:07:41 #4 store] 
Database 'C:\Users\Corerid\Documents\GitHub\SanctuaryOOAD\PetHotel\$dist\db\CustomerRoomPet.odb' is closed by 7036@Corerid

