------------------------------------------------------------------------------------------------------------------------

[2017-11-22 00:49:00 #1 store] 
Database 'C:\Users\Corerid\Documents\GitHub\SanctuaryOOAD\PetHotel\$dist\db\Room.odb' has been recovered (tr. 70-70)

[2017-11-22 00:49:01 #2 store] 
Database 'C:\Users\Corerid\Documents\GitHub\SanctuaryOOAD\PetHotel\$dist\db\Room.odb' is opened by 4156@Corerid

[2017-11-22 00:49:01 #3 store] 
Configuration path: C:\Users\Corerid\Documents\GitHub\SanctuaryOOAD\PetHotel\objectdb-2.7.2_05\objectdb.conf

[2017-11-22 00:49:24 #4 store] 
Database 'C:\Users\Corerid\Documents\GitHub\SanctuaryOOAD\PetHotel\$dist\db\Room.odb' is closed by 4156@Corerid

[2017-11-22 00:49:24 #5 store] 
Database 'C:\Users\Corerid\Documents\GitHub\SanctuaryOOAD\PetHotel\$dist\db\CustomerRoomPet.odb' has been recovered (tr. 9-9)

[2017-11-22 00:49:24 #6 store] 
Database 'C:\Users\Corerid\Documents\GitHub\SanctuaryOOAD\PetHotel\$dist\db\CustomerRoomPet.odb' is opened by 4156@Corerid

[2017-11-22 00:49:24 #7 store] 
Configuration path: C:\Users\Corerid\Documents\GitHub\SanctuaryOOAD\PetHotel\objectdb-2.7.2_05\objectdb.conf

[2017-11-22 00:49:36 #8 store] 
Database 'C:\Users\Corerid\Documents\GitHub\SanctuaryOOAD\PetHotel\$dist\db\CustomerRoomPet.odb' is closed by 4156@Corerid

------------------------------------------------------------------------------------------------------------------------

[2017-11-22 00:53:38 #1 store] 
Database 'C:\Users\Corerid\Documents\GitHub\SanctuaryOOAD\PetHotel\$dist\db\Room.odb' has been recovered (tr. 72-72)

[2017-11-22 00:53:38 #2 store] 
Database 'C:\Users\Corerid\Documents\GitHub\SanctuaryOOAD\PetHotel\$dist\db\Room.odb' is opened by 9080@Corerid

[2017-11-22 00:53:38 #3 store] 
Configuration path: C:\Users\Corerid\Documents\GitHub\SanctuaryOOAD\PetHotel\objectdb-2.7.2_05\objectdb.conf

[2017-11-22 00:53:58 #4 store] 
Database 'C:\Users\Corerid\Documents\GitHub\SanctuaryOOAD\PetHotel\$dist\db\Room.odb' is closed by 9080@Corerid

[2017-11-22 00:53:58 #5 store] 
Database 'C:\Users\Corerid\Documents\GitHub\SanctuaryOOAD\PetHotel\$dist\db\CustomerRoomPet.odb' has been recovered (tr. 10-10)

[2017-11-22 00:53:58 #6 store] 
Database 'C:\Users\Corerid\Documents\GitHub\SanctuaryOOAD\PetHotel\$dist\db\CustomerRoomPet.odb' is opened by 9080@Corerid

[2017-11-22 00:53:58 #7 store] 
Configuration path: C:\Users\Corerid\Documents\GitHub\SanctuaryOOAD\PetHotel\objectdb-2.7.2_05\objectdb.conf

[2017-11-22 00:54:23 #8 store] 
Database 'C:\Users\Corerid\Documents\GitHub\SanctuaryOOAD\PetHotel\$dist\db\CustomerRoomPet.odb' is closed by 9080@Corerid

------------------------------------------------------------------------------------------------------------------------

[2017-11-22 02:00:37 #1 store] 
Database 'C:\Users\Corerid\Documents\GitHub\SanctuaryOOAD\PetHotel\$dist\db\Room.odb' has been recovered (tr. 76-76)

[2017-11-22 02:00:38 #2 store] 
Database 'C:\Users\Corerid\Documents\GitHub\SanctuaryOOAD\PetHotel\$dist\db\Room.odb' is opened by 10420@Corerid

[2017-11-22 02:00:38 #3 store] 
Configuration path: C:\Users\Corerid\Documents\GitHub\SanctuaryOOAD\PetHotel\objectdb-2.7.2_05\objectdb.conf

[2017-11-22 02:00:51 #4 store] 
Database 'C:\Users\Corerid\Documents\GitHub\SanctuaryOOAD\PetHotel\$dist\db\Room.odb' is closed by 10420@Corerid

[2017-11-22 02:00:51 #5 store] 
Database 'C:\Users\Corerid\Documents\GitHub\SanctuaryOOAD\PetHotel\$dist\db\CustomerRoomPet.odb' has been recovered (tr. 13-13)

[2017-11-22 02:00:51 #6 store] 
Database 'C:\Users\Corerid\Documents\GitHub\SanctuaryOOAD\PetHotel\$dist\db\CustomerRoomPet.odb' is opened by 10420@Corerid

[2017-11-22 02:00:51 #7 store] 
Configuration path: C:\Users\Corerid\Documents\GitHub\SanctuaryOOAD\PetHotel\objectdb-2.7.2_05\objectdb.conf

[2017-11-22 02:01:07 #8 store] 
Database 'C:\Users\Corerid\Documents\GitHub\SanctuaryOOAD\PetHotel\$dist\db\CustomerRoomPet.odb' is closed by 10420@Corerid

------------------------------------------------------------------------------------------------------------------------

[2017-11-22 03:13:07 #1 store] 
Database 'C:\Users\Corerid\Documents\GitHub\SanctuaryOOAD\PetHotel\$dist\db\CustomerRoomPet.odb' is opened by 14540@Corerid

[2017-11-22 03:13:07 #2 store] 
Configuration path: C:\Users\Corerid\Documents\GitHub\SanctuaryOOAD\PetHotel\objectdb-2.7.2_05\objectdb.conf

[2017-11-22 03:13:08 #3 store] 
Database 'C:\Users\Corerid\Documents\GitHub\SanctuaryOOAD\PetHotel\$dist\db\CustomerRoomPet.odb' is closed by 14540@Corerid

------------------------------------------------------------------------------------------------------------------------

[2017-11-22 03:13:10 #1 explorer] 
[ObjectDB 2.7.2_05] javax.persistence.PersistenceException
Attempt to open a database file 'C:\Users\Corerid\Documents\GitHub\SanctuaryOOAD\PetHotel\$dist\db\CustomerRoomPet.odb' that is currently in use by another process (error 141)
	at com.objectdb.Explorer$1.run(Explorer.java:57)
	at java.awt.event.InvocationEvent.dispatch(Unknown Source)
	at java.awt.EventQueue.dispatchEventImpl(Unknown Source)
	at java.awt.EventQueue.access$500(Unknown Source)
	at java.awt.EventQueue$3.run(Unknown Source)
	at java.awt.EventQueue$3.run(Unknown Source)
	at java.security.AccessController.doPrivileged(Native Method)
	at java.security.ProtectionDomain$JavaSecurityAccessImpl.doIntersectionPrivilege(Unknown Source)
	at java.awt.EventQueue.dispatchEvent(Unknown Source)
	at java.awt.EventDispatchThread.pumpOneEventForFilters(Unknown Source)
	at java.awt.EventDispatchThread.pumpEventsForFilter(Unknown Source)
	at java.awt.EventDispatchThread.pumpEventsForHierarchy(Unknown Source)
	at java.awt.EventDispatchThread.pumpEvents(Unknown Source)
	at java.awt.EventDispatchThread.pumpEvents(Unknown Source)
	at java.awt.EventDispatchThread.run(Unknown Source)
Caused by: com.objectdb.o.UserException: Attempt to open a database file 'C:\Users\Corerid\Documents\GitHub\SanctuaryOOAD\PetHotel\$dist\db\CustomerRoomPet.odb' that is currently in use by another process
	at com.objectdb.o.MSG.d(MSG.java:62)
	at com.objectdb.o.LFL.F(LFL.java:929)
	at com.objectdb.o.LFL.C(LFL.java:886)
	at com.objectdb.o.LFL.C(LFL.java:796)
	at com.objectdb.o.DFL.<init>(DFL.java:240)
	at com.objectdb.o.DocManager.<init>(DocManager.java:25)
	at com.objectdb.o.MST.<init>(MST.java:125)
	at com.objectdb.o.MST.aO(MST.java:107)
	at com.objectdb.o.MSF.Vi(MSF.java:188)
	at com.objectdb.o.OMF.an(OMF.java:782)
	at com.objectdb.jpa.EMF.an(EMF.java:131)
	at com.objectdb.o.OMF.am(OMF.java:693)
	at com.objectdb.jpa.EMF.createEntityManager(EMF.java:150)
	... 17 more

[2017-11-22 03:13:33 #2 store] 
Database 'C:\Users\Corerid\Documents\GitHub\SanctuaryOOAD\PetHotel\$dist\db\CustomerRoomPet.odb' is opened by 5564@Corerid

[2017-11-22 03:13:33 #3 store] 
Configuration path: C:\Users\Corerid\Documents\GitHub\SanctuaryOOAD\PetHotel\objectdb-2.7.2_05\objectdb.conf

------------------------------------------------------------------------------------------------------------------------

[2017-11-22 03:14:10 #1 store] 
Database 'C:\Users\Corerid\Documents\GitHub\SanctuaryOOAD\PetHotel\$dist\db\Room.odb' has been recovered (tr. 82-94)

[2017-11-22 03:14:10 #2 store] 
Database 'C:\Users\Corerid\Documents\GitHub\SanctuaryOOAD\PetHotel\$dist\db\Room.odb' is opened by 12748@Corerid

[2017-11-22 03:14:10 #3 store] 
Configuration path: C:\Users\Corerid\Documents\GitHub\SanctuaryOOAD\PetHotel\objectdb-2.7.2_05\objectdb.conf

[2017-11-22 03:14:32 #4 store] 
Database 'C:\Users\Corerid\Documents\GitHub\SanctuaryOOAD\PetHotel\$dist\db\Room.odb' is closed by 12748@Corerid

[2017-11-22 03:14:32 #5 store] 
Database 'C:\Users\Corerid\Documents\GitHub\SanctuaryOOAD\PetHotel\$dist\db\CustomerRoomPet.odb' has been recovered (tr. 21-33)

[2017-11-22 03:14:32 #6 store] 
Database 'C:\Users\Corerid\Documents\GitHub\SanctuaryOOAD\PetHotel\$dist\db\CustomerRoomPet.odb' is opened by 12748@Corerid

[2017-11-22 03:14:32 #7 store] 
Configuration path: C:\Users\Corerid\Documents\GitHub\SanctuaryOOAD\PetHotel\objectdb-2.7.2_05\objectdb.conf

[2017-11-22 03:14:40 #8 store] 
Database 'C:\Users\Corerid\Documents\GitHub\SanctuaryOOAD\PetHotel\$dist\db\CustomerRoomPet.odb' is closed by 12748@Corerid

------------------------------------------------------------------------------------------------------------------------

[2017-11-22 03:14:42 #1 store] 
Database 'C:\Users\Corerid\Documents\GitHub\SanctuaryOOAD\PetHotel\$dist\db\CustomerRoomPet.odb' is opened by 2344@Corerid

[2017-11-22 03:14:42 #2 store] 
Configuration path: C:\Users\Corerid\Documents\GitHub\SanctuaryOOAD\PetHotel\objectdb-2.7.2_05\objectdb.conf

[2017-11-22 03:14:48 #3 store] 
Database 'C:\Users\Corerid\Documents\GitHub\SanctuaryOOAD\PetHotel\$dist\db\CustomerRoomPet.odb' is closed by 2344@Corerid

[2017-11-22 03:14:49 #4 store] 
Database 'C:\Users\Corerid\Documents\GitHub\SanctuaryOOAD\PetHotel\$dist\db\Room.odb' is opened by 2344@Corerid

[2017-11-22 03:14:49 #5 store] 
Configuration path: C:\Users\Corerid\Documents\GitHub\SanctuaryOOAD\PetHotel\objectdb-2.7.2_05\objectdb.conf

[2017-11-22 03:15:01 #6 store] 
Database 'C:\Users\Corerid\Documents\GitHub\SanctuaryOOAD\PetHotel\$dist\db\Room.odb' is closed by 2344@Corerid

------------------------------------------------------------------------------------------------------------------------

[2017-11-22 03:16:56 #1 store] 
Database 'C:\Users\Corerid\Documents\GitHub\SanctuaryOOAD\PetHotel\$dist\db\Room.odb' has been recovered (tr. 96-96)

[2017-11-22 03:16:57 #2 store] 
Database 'C:\Users\Corerid\Documents\GitHub\SanctuaryOOAD\PetHotel\$dist\db\Room.odb' is opened by 1792@Corerid

[2017-11-22 03:16:57 #3 store] 
Configuration path: C:\Users\Corerid\Documents\GitHub\SanctuaryOOAD\PetHotel\objectdb-2.7.2_05\objectdb.conf

[2017-11-22 03:17:08 #4 store] 
Database 'C:\Users\Corerid\Documents\GitHub\SanctuaryOOAD\PetHotel\$dist\db\Room.odb' is closed by 1792@Corerid

[2017-11-22 03:17:09 #5 store] 
Database 'C:\Users\Corerid\Documents\GitHub\SanctuaryOOAD\PetHotel\$dist\db\CustomerRoomPet.odb' has been recovered (tr. 34-34)

[2017-11-22 03:17:09 #6 store] 
Database 'C:\Users\Corerid\Documents\GitHub\SanctuaryOOAD\PetHotel\$dist\db\CustomerRoomPet.odb' is opened by 1792@Corerid

[2017-11-22 03:17:09 #7 store] 
Configuration path: C:\Users\Corerid\Documents\GitHub\SanctuaryOOAD\PetHotel\objectdb-2.7.2_05\objectdb.conf

[2017-11-22 03:17:24 #8 store] 
Database 'C:\Users\Corerid\Documents\GitHub\SanctuaryOOAD\PetHotel\$dist\db\CustomerRoomPet.odb' is closed by 1792@Corerid

------------------------------------------------------------------------------------------------------------------------

[2017-11-22 03:20:40 #1 store] 
Database 'C:\Users\Corerid\Documents\GitHub\SanctuaryOOAD\PetHotel\$dist\db\CustomerRoomPet.odb' has been recovered (tr. 40-40)

[2017-11-22 03:20:40 #2 store] 
Database 'C:\Users\Corerid\Documents\GitHub\SanctuaryOOAD\PetHotel\$dist\db\CustomerRoomPet.odb' is opened by 3352@Corerid

[2017-11-22 03:20:40 #3 store] 
Configuration path: C:\Users\Corerid\Documents\GitHub\SanctuaryOOAD\PetHotel\objectdb-2.7.2_05\objectdb.conf

[2017-11-22 03:20:46 #4 store] 
Database 'C:\Users\Corerid\Documents\GitHub\SanctuaryOOAD\PetHotel\$dist\db\CustomerRoomPet.odb' is closed by 3352@Corerid

------------------------------------------------------------------------------------------------------------------------

[2017-11-22 04:44:07 #1 store] 
Database 'C:\Users\Corerid\Documents\GitHub\SanctuaryOOAD\PetHotel\$dist\db\Room.odb' has been recovered (tr. 110-110)

[2017-11-22 04:44:08 #2 store] 
Database 'C:\Users\Corerid\Documents\GitHub\SanctuaryOOAD\PetHotel\$dist\db\Room.odb' is opened by 13908@Corerid

[2017-11-22 04:44:08 #3 store] 
Configuration path: C:\Users\Corerid\Documents\GitHub\SanctuaryOOAD\PetHotel\objectdb-2.7.2_05\objectdb.conf

[2017-11-22 04:44:20 #4 store] 
Database 'C:\Users\Corerid\Documents\GitHub\SanctuaryOOAD\PetHotel\$dist\db\Room.odb' is closed by 13908@Corerid

[2017-11-22 04:44:20 #5 store] 
Database 'C:\Users\Corerid\Documents\GitHub\SanctuaryOOAD\PetHotel\$dist\db\CustomerRoomPet.odb' has been recovered (tr. 43-43)

[2017-11-22 04:44:20 #6 store] 
Database 'C:\Users\Corerid\Documents\GitHub\SanctuaryOOAD\PetHotel\$dist\db\CustomerRoomPet.odb' is opened by 13908@Corerid

[2017-11-22 04:44:20 #7 store] 
Configuration path: C:\Users\Corerid\Documents\GitHub\SanctuaryOOAD\PetHotel\objectdb-2.7.2_05\objectdb.conf

[2017-11-22 04:44:34 #8 store] 
Database 'C:\Users\Corerid\Documents\GitHub\SanctuaryOOAD\PetHotel\$dist\db\CustomerRoomPet.odb' is closed by 13908@Corerid

------------------------------------------------------------------------------------------------------------------------

[2017-11-22 04:48:07 #1 store] 
Database 'C:\Users\Corerid\Documents\GitHub\SanctuaryOOAD\PetHotel\$dist\db\Room.odb' has been recovered (tr. 116-116)

[2017-11-22 04:48:07 #2 store] 
Database 'C:\Users\Corerid\Documents\GitHub\SanctuaryOOAD\PetHotel\$dist\db\Room.odb' is opened by 7860@Corerid

[2017-11-22 04:48:07 #3 store] 
Configuration path: C:\Users\Corerid\Documents\GitHub\SanctuaryOOAD\PetHotel\objectdb-2.7.2_05\objectdb.conf

[2017-11-22 04:48:13 #4 store] 
Database 'C:\Users\Corerid\Documents\GitHub\SanctuaryOOAD\PetHotel\$dist\db\Room.odb' is closed by 7860@Corerid

[2017-11-22 04:48:13 #5 store] 
Database 'C:\Users\Corerid\Documents\GitHub\SanctuaryOOAD\PetHotel\$dist\db\CustomerRoomPet.odb' has been recovered (tr. 47-47)

[2017-11-22 04:48:13 #6 store] 
Database 'C:\Users\Corerid\Documents\GitHub\SanctuaryOOAD\PetHotel\$dist\db\CustomerRoomPet.odb' is opened by 7860@Corerid

[2017-11-22 04:48:13 #7 store] 
Configuration path: C:\Users\Corerid\Documents\GitHub\SanctuaryOOAD\PetHotel\objectdb-2.7.2_05\objectdb.conf

[2017-11-22 04:48:26 #8 store] 
Database 'C:\Users\Corerid\Documents\GitHub\SanctuaryOOAD\PetHotel\$dist\db\CustomerRoomPet.odb' is closed by 7860@Corerid

------------------------------------------------------------------------------------------------------------------------

[2017-11-22 04:55:42 #1 store] 
Database 'C:\Users\Corerid\Documents\GitHub\SanctuaryOOAD\PetHotel\$dist\db\Room.odb' has been recovered (tr. 118-118)

[2017-11-22 04:55:42 #2 store] 
Database 'C:\Users\Corerid\Documents\GitHub\SanctuaryOOAD\PetHotel\$dist\db\Room.odb' is opened by 13820@Corerid

[2017-11-22 04:55:42 #3 store] 
Configuration path: C:\Users\Corerid\Documents\GitHub\SanctuaryOOAD\PetHotel\objectdb-2.7.2_05\objectdb.conf

[2017-11-22 04:56:04 #4 store] 
Database 'C:\Users\Corerid\Documents\GitHub\SanctuaryOOAD\PetHotel\$dist\db\Room.odb' is closed by 13820@Corerid

[2017-11-22 04:56:04 #5 store] 
Database 'C:\Users\Corerid\Documents\GitHub\SanctuaryOOAD\PetHotel\$dist\db\CustomerRoomPet.odb' has been recovered (tr. 48-48)

[2017-11-22 04:56:04 #6 store] 
Database 'C:\Users\Corerid\Documents\GitHub\SanctuaryOOAD\PetHotel\$dist\db\CustomerRoomPet.odb' is opened by 13820@Corerid

[2017-11-22 04:56:04 #7 store] 
Configuration path: C:\Users\Corerid\Documents\GitHub\SanctuaryOOAD\PetHotel\objectdb-2.7.2_05\objectdb.conf

[2017-11-22 04:56:32 #8 store] 
Database 'C:\Users\Corerid\Documents\GitHub\SanctuaryOOAD\PetHotel\$dist\db\CustomerRoomPet.odb' is closed by 13820@Corerid

------------------------------------------------------------------------------------------------------------------------

[2017-11-22 04:57:09 #1 store] 
Database 'C:\Users\Corerid\Documents\GitHub\SanctuaryOOAD\PetHotel\$dist\db\Room.odb' has been recovered (tr. 120-120)

[2017-11-22 04:57:09 #2 store] 
Database 'C:\Users\Corerid\Documents\GitHub\SanctuaryOOAD\PetHotel\$dist\db\Room.odb' is opened by 14788@Corerid

[2017-11-22 04:57:09 #3 store] 
Configuration path: C:\Users\Corerid\Documents\GitHub\SanctuaryOOAD\PetHotel\objectdb-2.7.2_05\objectdb.conf

[2017-11-22 04:57:24 #4 store] 
Database 'C:\Users\Corerid\Documents\GitHub\SanctuaryOOAD\PetHotel\$dist\db\Room.odb' is closed by 14788@Corerid

[2017-11-22 04:57:24 #5 store] 
Database 'C:\Users\Corerid\Documents\GitHub\SanctuaryOOAD\PetHotel\$dist\db\CustomerRoomPet.odb' has been recovered (tr. 50-50)

[2017-11-22 04:57:25 #6 store] 
Database 'C:\Users\Corerid\Documents\GitHub\SanctuaryOOAD\PetHotel\$dist\db\CustomerRoomPet.odb' is opened by 14788@Corerid

[2017-11-22 04:57:25 #7 store] 
Configuration path: C:\Users\Corerid\Documents\GitHub\SanctuaryOOAD\PetHotel\objectdb-2.7.2_05\objectdb.conf

[2017-11-22 04:57:28 #8 store] 
Database 'C:\Users\Corerid\Documents\GitHub\SanctuaryOOAD\PetHotel\$dist\db\CustomerRoomPet.odb' is closed by 14788@Corerid

------------------------------------------------------------------------------------------------------------------------

[2017-11-22 04:57:49 #1 store] 
Database 'C:\Users\Corerid\Documents\GitHub\SanctuaryOOAD\PetHotel\$dist\db\Room.odb' has been recovered (tr. 122-122)

[2017-11-22 04:57:49 #2 store] 
Database 'C:\Users\Corerid\Documents\GitHub\SanctuaryOOAD\PetHotel\$dist\db\Room.odb' is opened by 372@Corerid

[2017-11-22 04:57:49 #3 store] 
Configuration path: C:\Users\Corerid\Documents\GitHub\SanctuaryOOAD\PetHotel\objectdb-2.7.2_05\objectdb.conf

[2017-11-22 04:57:57 #4 store] 
Database 'C:\Users\Corerid\Documents\GitHub\SanctuaryOOAD\PetHotel\$dist\db\Room.odb' is closed by 372@Corerid

[2017-11-22 04:57:57 #5 store] 
Database 'C:\Users\Corerid\Documents\GitHub\SanctuaryOOAD\PetHotel\$dist\db\CustomerRoomPet.odb' has been recovered (tr. 52-52)

[2017-11-22 04:57:57 #6 store] 
Database 'C:\Users\Corerid\Documents\GitHub\SanctuaryOOAD\PetHotel\$dist\db\CustomerRoomPet.odb' is opened by 372@Corerid

[2017-11-22 04:57:57 #7 store] 
Configuration path: C:\Users\Corerid\Documents\GitHub\SanctuaryOOAD\PetHotel\objectdb-2.7.2_05\objectdb.conf

[2017-11-22 04:58:02 #8 store] 
Database 'C:\Users\Corerid\Documents\GitHub\SanctuaryOOAD\PetHotel\$dist\db\CustomerRoomPet.odb' is closed by 372@Corerid

------------------------------------------------------------------------------------------------------------------------

[2017-11-22 04:58:04 #1 explorer] 
[ObjectDB 2.7.2_05] javax.persistence.PersistenceException
Attempt to open a database file 'C:\Users\Corerid\Documents\GitHub\SanctuaryOOAD\PetHotel\$dist\db\Room.odb' that is currently in use by another process (error 141)
	at com.objectdb.Explorer$1.run(Explorer.java:57)
	at java.desktop/java.awt.event.InvocationEvent.dispatch(Unknown Source)
	at java.desktop/java.awt.EventQueue.dispatchEventImpl(Unknown Source)
	at java.desktop/java.awt.EventQueue.access$500(Unknown Source)
	at java.desktop/java.awt.EventQueue$3.run(Unknown Source)
	at java.desktop/java.awt.EventQueue$3.run(Unknown Source)
	at java.base/java.security.AccessController.doPrivileged(Native Method)
	at java.base/java.security.ProtectionDomain$JavaSecurityAccessImpl.doIntersectionPrivilege(Unknown Source)
	at java.desktop/java.awt.EventQueue.dispatchEvent(Unknown Source)
	at java.desktop/java.awt.EventDispatchThread.pumpOneEventForFilters(Unknown Source)
	at java.desktop/java.awt.EventDispatchThread.pumpEventsForFilter(Unknown Source)
	at java.desktop/java.awt.EventDispatchThread.pumpEventsForHierarchy(Unknown Source)
	at java.desktop/java.awt.EventDispatchThread.pumpEvents(Unknown Source)
	at java.desktop/java.awt.EventDispatchThread.pumpEvents(Unknown Source)
	at java.desktop/java.awt.EventDispatchThread.run(Unknown Source)
Caused by: com.objectdb.o.UserException: Attempt to open a database file 'C:\Users\Corerid\Documents\GitHub\SanctuaryOOAD\PetHotel\$dist\db\Room.odb' that is currently in use by another process
	at com.objectdb.o.MSG.d(MSG.java:62)
	at com.objectdb.o.LFL.F(LFL.java:929)
	at com.objectdb.o.LFL.C(LFL.java:886)
	at com.objectdb.o.LFL.C(LFL.java:796)
	at com.objectdb.o.DFL.<init>(DFL.java:240)
	at com.objectdb.o.DocManager.<init>(DocManager.java:25)
	at com.objectdb.o.MST.<init>(MST.java:125)
	at com.objectdb.o.MST.aO(MST.java:107)
	at com.objectdb.o.MSF.Vi(MSF.java:188)
	at com.objectdb.o.OMF.an(OMF.java:782)
	at com.objectdb.jpa.EMF.an(EMF.java:131)
	at com.objectdb.o.OMF.am(OMF.java:693)
	at com.objectdb.jpa.EMF.createEntityManager(EMF.java:150)
	... 17 more

